INFO:root:ðŸ“Œ æ¸¬è©¦ API : 103
INFO:root:å„²å­˜ [E_login_code]:9356
INFO:root:é€å‡ºæŒ‡ä»¤: {"action": "GET_DATA", "tag": "E_login_code"}
INFO:root:ç²å– [E_login_code] => 9356
INFO:root:ðŸ“Œ æ¸¬è©¦ API : 104
INFO:root:å„²å­˜ [E_TOKEN]:d253ad0451243722962a3efeff8d90ee1b1659a1f1f894cfbd4188e730b0531f|1|staging
INFO:root:é€å‡ºæŒ‡ä»¤: {"action": "GET_DATA", "tag": "E_TOKEN"}
INFO:root:ç²å– [E_TOKEN] => d253ad0451243722962a3efeff8d90ee1b1659a1f1f894cfbd4188e730b0531f|1|staging
INFO:root:ðŸ“Œ æ¸¬è©¦ API : 161
INFO:root:å„²å­˜ [E_credit_card_url]:https://payment-stage.funpoint.com.tw/MerchantMember/TradeWithBindingCardID?MerchantID=1000060&MerchantMemberID=1000060E0000001550S&ServerReplyURL=https%3A%2F%2Fnext-staging-v210x.pay.staging.worky.com.tw%2Ffun-point%2Fbind-credit-card-notify&ClientRedirectURL=https%3A%2F%2Fnext-staging-v210x.pay.staging.worky.com.tw%2Ffun-point%2Fbind-credit-card-callback&MerchantTradeNo=WB250412190000003S&MerchantTradeDate=2025%2F04%2F12+19%3A19%3A21&TotalAmount=6&TradeDesc=%25E7%25B6%2581%25E5%25AE%259A%25E4%25BF%25A1%25E7%2594%25A8%25E5%258D%25A1&stage=0&CheckMacValue=115E60C06F5FB55877CF2F0FBD4541B51BAB8A07A795285DEAAB478DB38DDCCE
INFO:root:é€å‡ºæŒ‡ä»¤: {"action": "GET_DATA", "tag": "E_credit_card_url"}
INFO:root:ç²å– [E_credit_card_url] => https://payment-stage.funpoint.com.tw/MerchantMember/TradeWithBindingCardID?MerchantID=1000060&MerchantMemberID=1000060E0000001550S&ServerReplyURL=https%3A%2F%2Fnext-staging-v210x.pay.staging.worky.com.tw%2Ffun-point%2Fbind-credit-card-notify&ClientRedirectURL=https%3A%2F%2Fnext-staging-v210x.pay.staging.worky.com.tw%2Ffun-point%2Fbind-credit-card-callback&MerchantTradeNo=WB250412190000003S&MerchantTradeDate=2025%2F04%2F12+19%3A19%3A21&TotalAmount=6&TradeDesc=%25E7%25B6%2581%25E5%25AE%259A%25E4%25BF%25A1%25E7%2594%25A8%25E5%258D%25A1&stage=0&CheckMacValue=115E60C06F5FB55877CF2F0FBD4541B51BAB8A07A795285DEAAB478DB38DDCCE
INFO:WDM:====== WebDriver manager ======
INFO:WDM:Get LATEST edgedriver version for Edge 135.0.3179
INFO:WDM:Get LATEST edgedriver version for Edge 135.0.3179
INFO:WDM:There is no [win64] edgedriver "135.0.3179.66" for browser edge "135.0.3179" in cache
INFO:WDM:Get LATEST edgedriver version for Edge 135.0.3179
INFO:WDM:About to download new driver from https://msedgedriver.azureedge.net/135.0.3179.66/edgedriver_win64.zip
INFO:WDM:Driver downloading response is 200
INFO:WDM:Get LATEST edgedriver version for Edge 135.0.3179
INFO:WDM:Driver has been saved in cache [C:\Users\brandon.lee\.wdm\drivers\edgedriver\win64\135.0.3179.73]
INFO:root:æ¸¬è©¦ ä¿¡ç”¨å¡è¨­å®š
INFO:root:[pages/other/credit_card_headless.py]
INFO:root:å®šä½: 
INFO:root:è¼¸å…¥: 4311958888888888
INFO:root:å®šä½: æœˆä»½
INFO:root:é»žæ“Š: æœˆä»½
INFO:root:å®šä½: 10æœˆ
INFO:root:é»žæ“Š: 10æœˆ
INFO:root:å®šä½: å¹´ä»½
INFO:root:é»žæ“Š: å¹´ä»½
INFO:root:å®šä½: 2031å¹´
INFO:root:é»žæ“Š: 2031å¹´
INFO:root:å®šä½: 
INFO:root:è¼¸å…¥: 222
INFO:root:å®šä½: é€å‡º
INFO:root:é»žæ“Š: é€å‡º
INFO:root:å®šä½: é€å‡º
INFO:root:é»žæ“Š: é€å‡º
INFO:root:é€å‡ºæŒ‡ä»¤: {"action": "GET_DATA", "tag": "E_TOKEN"}
INFO:root:ç²å– [E_TOKEN] => d253ad0451243722962a3efeff8d90ee1b1659a1f1f894cfbd4188e730b0531f|1|staging
INFO:root:ðŸ“Œ æ¸¬è©¦ API : 171
INFO:root:é€å‡ºæŒ‡ä»¤: {"action": "GET_DATA", "tag": "E_TOKEN"}
INFO:root:ç²å– [E_TOKEN] => d253ad0451243722962a3efeff8d90ee1b1659a1f1f894cfbd4188e730b0531f|1|staging
INFO:root:ðŸ“Œ æ¸¬è©¦ API : 173
INFO:root:ðŸ“Œ æ¸¬è©¦ API : 201
INFO:root:å„²å­˜ [L_register_code]:2133
INFO:root:é€å‡ºæŒ‡ä»¤: {"action": "GET_DATA", "tag": "L_register_code"}
INFO:root:ç²å– [L_register_code] => 2133
INFO:root:ðŸ“Œ æ¸¬è©¦ API : 202
INFO:root:å„²å­˜ [L_TOKEN]:a4d48ce294dc27f732a4be92c76df6129f5edc39ee1960541cf2d177593d8130|2|staging
INFO:root:ðŸ“Œ æ¸¬è©¦ API : 203
INFO:root:å„²å­˜ [L_login_code]:7784
INFO:root:é€å‡ºæŒ‡ä»¤: {"action": "GET_DATA", "tag": "L_login_code"}
INFO:root:ç²å– [L_login_code] => 7784
INFO:root:ðŸ“Œ æ¸¬è©¦ API : 204
INFO:root:å„²å­˜ [L_TOKEN]:92bf6cc12b37d88f94cf94089bdbb561ec3ebe807d5362b981ed2344a63c2c54|2|staging
INFO:root:é€å‡ºæŒ‡ä»¤: {"action": "GET_DATA", "tag": "L_TOKEN"}
INFO:root:ç²å– [L_TOKEN] => 92bf6cc12b37d88f94cf94089bdbb561ec3ebe807d5362b981ed2344a63c2c54|2|staging
INFO:root:ðŸ“Œ æ¸¬è©¦ API : 303
INFO:root:å„²å­˜ [labor_profile_image]:https://next-staging-v210x.res.staging.worky.com.tw/upload/worky/labor-profile-images/ae/ae358d78df440d7b48fc49d518d03c9c.png
INFO:root:é€å‡ºæŒ‡ä»¤: {"action": "GET_DATA", "tag": "L_TOKEN"}
INFO:root:ç²å– [L_TOKEN] => 92bf6cc12b37d88f94cf94089bdbb561ec3ebe807d5362b981ed2344a63c2c54|2|staging
INFO:root:ðŸ“Œ æ¸¬è©¦ API : 303
INFO:root:å„²å­˜ [labor_id_card_image]:https://next-staging-v210x.res.staging.worky.com.tw/upload/worky/labor-id-card-images/57/57745a1534a4a015559676915543c237.png
INFO:root:é€å‡ºæŒ‡ä»¤: {"action": "GET_DATA", "tag": "L_TOKEN"}
INFO:root:ç²å– [L_TOKEN] => 92bf6cc12b37d88f94cf94089bdbb561ec3ebe807d5362b981ed2344a63c2c54|2|staging
INFO:root:é€å‡ºæŒ‡ä»¤: {"action": "GET_DATA", "tag": "labor_profile_image"}
INFO:root:ç²å– [labor_profile_image] => https://next-staging-v210x.res.staging.worky.com.tw/upload/worky/labor-profile-images/ae/ae358d78df440d7b48fc49d518d03c9c.png
INFO:root:é€å‡ºæŒ‡ä»¤: {"action": "GET_DATA", "tag": "labor_id_card_image"}
INFO:root:ç²å– [labor_id_card_image] => https://next-staging-v210x.res.staging.worky.com.tw/upload/worky/labor-id-card-images/57/57745a1534a4a015559676915543c237.png
INFO:root:é€å‡ºæŒ‡ä»¤: {"action": "GET_DATA", "tag": "labor_id_card_image"}
INFO:root:ç²å– [labor_id_card_image] => https://next-staging-v210x.res.staging.worky.com.tw/upload/worky/labor-id-card-images/57/57745a1534a4a015559676915543c237.png
INFO:root:ðŸ“Œ æ¸¬è©¦ API : 205-1
INFO:root:é€å‡ºæŒ‡ä»¤: {"action": "GET_DATA", "tag": "L_TOKEN"}
INFO:root:ç²å– [L_TOKEN] => 92bf6cc12b37d88f94cf94089bdbb561ec3ebe807d5362b981ed2344a63c2c54|2|staging
INFO:root:ðŸ“Œ æ¸¬è©¦ API : 205-2
INFO:WDM:====== WebDriver manager ======
INFO:WDM:Get LATEST edgedriver version for Edge 135.0.3179
INFO:WDM:Get LATEST edgedriver version for Edge 135.0.3179
INFO:WDM:Driver [C:\Users\brandon.lee\.wdm\drivers\edgedriver\win64\135.0.3179.73\msedgedriver.exe] found in cache
INFO:root:æ‰“å·¥å¤¥ä¼´å¯©æ ¸
INFO:root:å®šä½: 
INFO:root:è¼¸å…¥: brandon.lee
INFO:root:å®šä½: 
INFO:root:è¼¸å…¥: brandon7068l7
INFO:root:å®šä½: ç™»å…¥
INFO:root:é»žæ“Š: ç™»å…¥
INFO:root:å®šä½: home
INFO:root:é»žæ“Š: home
INFO:root:å®šä½: menu å±¤ç´š
INFO:root:é»žæ“Š: menu å±¤ç´š
INFO:root:å®šä½: æ‰“å·¥å¤¥ä¼´ç®¡ç†
ERROR:root:[301] ç„¡æ³•å®šä½å…ƒç´ çš„ Xpath: //p[text()='æ‰“å·¥å¤¥ä¼´ç®¡ç†'] 
INFO:WDM:====== WebDriver manager ======
INFO:WDM:Get LATEST edgedriver version for Edge 135.0.3179
INFO:WDM:Get LATEST edgedriver version for Edge 135.0.3179
INFO:WDM:Driver [C:\Users\brandon.lee\.wdm\drivers\edgedriver\win64\135.0.3179.73\msedgedriver.exe] found in cache
INFO:root:æ‰“å·¥å¤¥ä¼´å¯©æ ¸
INFO:root:å®šä½: 
INFO:root:è¼¸å…¥: brandon.lee
INFO:root:å®šä½: 
INFO:root:è¼¸å…¥: brandon7068l7
INFO:root:å®šä½: ç™»å…¥
INFO:root:é»žæ“Š: ç™»å…¥
INFO:root:å®šä½: home
INFO:root:é»žæ“Š: home
INFO:root:å®šä½: menu å±¤ç´š
INFO:root:é»žæ“Š: menu å±¤ç´š
INFO:root:å®šä½: æ‰“å·¥å¤¥ä¼´ç®¡ç†
ERROR:root:[301] ç„¡æ³•å®šä½å…ƒç´ çš„ Xpath: //p[text()='æ‰“å·¥å¤¥ä¼´ç®¡ç†'] 
INFO:WDM:====== WebDriver manager ======
INFO:WDM:Get LATEST edgedriver version for Edge 135.0.3179
INFO:WDM:Get LATEST edgedriver version for Edge 135.0.3179
INFO:WDM:Driver [C:\Users\brandon.lee\.wdm\drivers\edgedriver\win64\135.0.3179.73\msedgedriver.exe] found in cache
INFO:root:æ‰“å·¥å¤¥ä¼´å¯©æ ¸
INFO:root:å®šä½: 
INFO:root:è¼¸å…¥: brandon.lee
INFO:root:å®šä½: 
INFO:root:è¼¸å…¥: brandon7068l7
INFO:root:å®šä½: ç™»å…¥
INFO:root:é»žæ“Š: ç™»å…¥
INFO:root:å®šä½: home
INFO:root:é»žæ“Š: home
INFO:root:å®šä½: æ‰“å·¥å¤¥ä¼´
ERROR:root:[301] ç„¡æ³•å®šä½å…ƒç´ çš„ Xpath: //a[contains(text(),'æ‰“å·¥å¤¥ä¼´')]/following-sibling::i 
INFO:WDM:====== WebDriver manager ======
INFO:WDM:Get LATEST edgedriver version for Edge 135.0.3179
INFO:WDM:Get LATEST edgedriver version for Edge 135.0.3179
INFO:WDM:Driver [C:\Users\brandon.lee\.wdm\drivers\edgedriver\win64\135.0.3179.73\msedgedriver.exe] found in cache
INFO:root:æ‰“å·¥å¤¥ä¼´å¯©æ ¸
INFO:root:å®šä½: 
INFO:root:è¼¸å…¥: brandon.lee
INFO:root:å®šä½: 
INFO:root:è¼¸å…¥: brandon7068l7
INFO:root:å®šä½: ç™»å…¥
INFO:root:é»žæ“Š: ç™»å…¥
INFO:root:å®šä½: home
INFO:root:é»žæ“Š: home
INFO:root:å®šä½: æ‰“å·¥å¤¥ä¼´
ERROR:root:[301] ç„¡æ³•å®šä½å…ƒç´ çš„ Xpath: //a[contains(text(),'æ‰“å·¥å¤¥ä¼´')] 
INFO:WDM:====== WebDriver manager ======
INFO:WDM:Get LATEST edgedriver version for Edge 135.0.3179
INFO:WDM:Get LATEST edgedriver version for Edge 135.0.3179
INFO:WDM:Driver [C:\Users\brandon.lee\.wdm\drivers\edgedriver\win64\135.0.3179.73\msedgedriver.exe] found in cache
INFO:root:æ‰“å·¥å¤¥ä¼´å¯©æ ¸
INFO:root:å®šä½: 
INFO:root:è¼¸å…¥: brandon.lee
INFO:root:å®šä½: 
INFO:root:è¼¸å…¥: brandon7068l7
INFO:root:å®šä½: ç™»å…¥
INFO:root:é»žæ“Š: ç™»å…¥
INFO:root:å®šä½: home
INFO:root:é»žæ“Š: home
INFO:root:å®šä½: æ‰“å·¥å¤¥ä¼´
INFO:root:é»žæ“Š: æ‰“å·¥å¤¥ä¼´
INFO:root:å®šä½: æ‰“å·¥å¤¥ä¼´ç®¡ç†
ERROR:root:[301] ç„¡æ³•å®šä½å…ƒç´ çš„ Xpath: //p[text()='æ‰“å·¥å¤¥ä¼´ç®¡ç†'] 
INFO:WDM:====== WebDriver manager ======
INFO:WDM:Get LATEST edgedriver version for Edge 135.0.3179
INFO:WDM:Get LATEST edgedriver version for Edge 135.0.3179
INFO:WDM:Driver [C:\Users\brandon.lee\.wdm\drivers\edgedriver\win64\135.0.3179.73\msedgedriver.exe] found in cache
INFO:root:æ‰“å·¥å¤¥ä¼´å¯©æ ¸
INFO:root:å®šä½: 
INFO:root:è¼¸å…¥: brandon.lee
INFO:root:å®šä½: 
INFO:root:è¼¸å…¥: brandon7068l7
INFO:root:å®šä½: ç™»å…¥
INFO:root:é»žæ“Š: ç™»å…¥
INFO:root:å®šä½: home
INFO:root:é»žæ“Š: home
INFO:root:å®šä½: æ‰“å·¥å¤¥ä¼´
INFO:root:é»žæ“Š: æ‰“å·¥å¤¥ä¼´
INFO:root:å®šä½: æ‰“å·¥å¤¥ä¼´ç®¡ç†
INFO:root:é»žæ“Š: æ‰“å·¥å¤¥ä¼´ç®¡ç†
INFO:root:å®šä½: 
INFO:root:è¼¸å…¥: 904140000
INFO:root:å®šä½: æŸ¥è©¢
INFO:root:é»žæ“Š: æŸ¥è©¢
INFO:root:å®šä½: å¯©æ ¸
ERROR:root:[301] ç„¡æ³•å®šä½å…ƒç´ çš„ ID: //span[normalize-space()='å¾…èªè­‰'] 
INFO:WDM:====== WebDriver manager ======
INFO:WDM:Get LATEST edgedriver version for Edge 135.0.3179
INFO:WDM:Get LATEST edgedriver version for Edge 135.0.3179
INFO:WDM:Driver [C:\Users\brandon.lee\.wdm\drivers\edgedriver\win64\135.0.3179.73\msedgedriver.exe] found in cache
INFO:root:æ‰“å·¥å¤¥ä¼´å¯©æ ¸
INFO:root:å®šä½: 
INFO:root:è¼¸å…¥: brandon.lee
INFO:root:å®šä½: 
INFO:root:è¼¸å…¥: brandon7068l7
INFO:root:å®šä½: ç™»å…¥
INFO:root:é»žæ“Š: ç™»å…¥
INFO:root:å®šä½: home
INFO:root:é»žæ“Š: home
INFO:root:å®šä½: æ‰“å·¥å¤¥ä¼´
INFO:root:é»žæ“Š: æ‰“å·¥å¤¥ä¼´
INFO:root:å®šä½: æ‰“å·¥å¤¥ä¼´ç®¡ç†
INFO:root:é»žæ“Š: æ‰“å·¥å¤¥ä¼´ç®¡ç†
INFO:root:å®šä½: 
INFO:root:è¼¸å…¥: 904140000
INFO:root:å®šä½: æŸ¥è©¢
INFO:root:é»žæ“Š: æŸ¥è©¢
INFO:root:å®šä½: å¯©æ ¸
ERROR:root:[301] ç„¡æ³•å®šä½å…ƒç´ çš„ ID: //span[normalize-space(text())='å¾…èªè­‰'] 
INFO:WDM:====== WebDriver manager ======
INFO:WDM:Get LATEST edgedriver version for Edge 135.0.3179
INFO:WDM:Get LATEST edgedriver version for Edge 135.0.3179
INFO:WDM:Driver [C:\Users\brandon.lee\.wdm\drivers\edgedriver\win64\135.0.3179.73\msedgedriver.exe] found in cache
INFO:root:æ‰“å·¥å¤¥ä¼´å¯©æ ¸
INFO:root:å®šä½: 
INFO:root:è¼¸å…¥: brandon.lee
INFO:root:å®šä½: 
INFO:root:è¼¸å…¥: brandon7068l7
INFO:root:å®šä½: ç™»å…¥
INFO:root:é»žæ“Š: ç™»å…¥
INFO:root:å®šä½: home
INFO:root:é»žæ“Š: home
INFO:root:å®šä½: æ‰“å·¥å¤¥ä¼´
INFO:root:é»žæ“Š: æ‰“å·¥å¤¥ä¼´
INFO:root:å®šä½: æ‰“å·¥å¤¥ä¼´ç®¡ç†
INFO:root:é»žæ“Š: æ‰“å·¥å¤¥ä¼´ç®¡ç†
INFO:root:å®šä½: 
INFO:root:è¼¸å…¥: 904140000
INFO:root:å®šä½: æŸ¥è©¢
INFO:root:é»žæ“Š: æŸ¥è©¢
INFO:root:å®šä½: å¯©æ ¸
INFO:root:é»žæ“Š: å¯©æ ¸
INFO:root:å®šä½: æäº¤èªè­‰
ERROR:root:[301] ç„¡æ³•å®šä½å…ƒç´ çš„ Xpath: btnValidateSubmit 
INFO:WDM:====== WebDriver manager ======
INFO:WDM:Get LATEST edgedriver version for Edge 135.0.3179
INFO:WDM:Get LATEST edgedriver version for Edge 135.0.3179
INFO:WDM:Driver [C:\Users\brandon.lee\.wdm\drivers\edgedriver\win64\135.0.3179.73\msedgedriver.exe] found in cache
INFO:root:æ‰“å·¥å¤¥ä¼´å¯©æ ¸
INFO:root:å®šä½: 
INFO:root:è¼¸å…¥: brandon.lee
INFO:root:å®šä½: 
INFO:root:è¼¸å…¥: brandon7068l7
INFO:root:å®šä½: ç™»å…¥
INFO:root:é»žæ“Š: ç™»å…¥
INFO:root:å®šä½: home
INFO:root:é»žæ“Š: home
INFO:root:å®šä½: æ‰“å·¥å¤¥ä¼´
INFO:root:é»žæ“Š: æ‰“å·¥å¤¥ä¼´
INFO:root:å®šä½: æ‰“å·¥å¤¥ä¼´ç®¡ç†
INFO:root:é»žæ“Š: æ‰“å·¥å¤¥ä¼´ç®¡ç†
INFO:root:å®šä½: 
INFO:root:è¼¸å…¥: 904140000
INFO:root:å®šä½: æŸ¥è©¢
INFO:root:é»žæ“Š: æŸ¥è©¢
INFO:root:å®šä½: å¯©æ ¸
INFO:root:é»žæ“Š: å¯©æ ¸
INFO:root:å®šä½: æäº¤èªè­‰
INFO:root:é»žæ“Š: æäº¤èªè­‰
INFO:WDM:====== WebDriver manager ======
INFO:WDM:Get LATEST edgedriver version for Edge 135.0.3179
INFO:WDM:Get LATEST edgedriver version for Edge 135.0.3179
INFO:WDM:Driver [C:\Users\brandon.lee\.wdm\drivers\edgedriver\win64\135.0.3179.73\msedgedriver.exe] found in cache
INFO:root:æ‰“å·¥å¤¥ä¼´å¯©æ ¸
INFO:root:å®šä½: 
INFO:root:è¼¸å…¥: brandon.lee
INFO:root:å®šä½: 
INFO:root:è¼¸å…¥: brandon7068l7
INFO:root:å®šä½: ç™»å…¥
INFO:root:é»žæ“Š: ç™»å…¥
INFO:root:å®šä½: home
INFO:root:é»žæ“Š: home
INFO:root:å®šä½: æ‰“å·¥å¤¥ä¼´
INFO:root:é»žæ“Š: æ‰“å·¥å¤¥ä¼´
INFO:root:å®šä½: æ‰“å·¥å¤¥ä¼´ç®¡ç†
INFO:root:é»žæ“Š: æ‰“å·¥å¤¥ä¼´ç®¡ç†
INFO:root:å®šä½: 
INFO:root:è¼¸å…¥: 904140001
INFO:root:å®šä½: æŸ¥è©¢
INFO:root:é»žæ“Š: æŸ¥è©¢
INFO:root:å®šä½: å¯©æ ¸
INFO:root:é»žæ“Š: å¯©æ ¸
INFO:root:å®šä½: æäº¤èªè­‰
INFO:root:é»žæ“Š: æäº¤èªè­‰
INFO:root:ðŸ“Œ æ¸¬è©¦ API : 103
INFO:root:å„²å­˜ [E_login_code]:1501
INFO:root:é€å‡ºæŒ‡ä»¤: {"action": "GET_DATA", "tag": "E_login_code"}
INFO:root:ç²å– [E_login_code] => 1501
INFO:root:ðŸ“Œ æ¸¬è©¦ API : 104
INFO:root:å„²å­˜ [E_TOKEN]:4f5091db01752671fef5575c5694990d42ceaf704421cc88ea658769e8d0e356|1|staging
INFO:root:ðŸ“Œ æ¸¬è©¦ API : 203
INFO:root:å„²å­˜ [L_login_code]:8216
INFO:root:é€å‡ºæŒ‡ä»¤: {"action": "GET_DATA", "tag": "L_login_code"}
INFO:root:ç²å– [L_login_code] => 8216
INFO:root:ðŸ“Œ æ¸¬è©¦ API : 204
INFO:root:å„²å­˜ [L_TOKEN]:c96c24201bcdde6241d9e2051ddb413baffa73421c6520b8011922f137afd59d|2|staging
INFO:root:é€å‡ºæŒ‡ä»¤: {"action": "GET_DATA", "tag": "E_TOKEN"}
INFO:root:ç²å– [E_TOKEN] => 4f5091db01752671fef5575c5694990d42ceaf704421cc88ea658769e8d0e356|1|staging
INFO:root:ðŸ“Œ æ¸¬è©¦ API : 115-2
INFO:root:ðŸ“Œ æ¸¬è©¦ API : 103
INFO:root:å„²å­˜ [E_login_code]:0059
INFO:root:é€å‡ºæŒ‡ä»¤: {"action": "GET_DATA", "tag": "E_login_code"}
INFO:root:ç²å– [E_login_code] => 0059
INFO:root:ðŸ“Œ æ¸¬è©¦ API : 104
INFO:root:å„²å­˜ [E_TOKEN]:1cf3590919ce159f6c6bbc56811377e3918203b6c991066ad649adaa9be8c14c|1|staging
INFO:root:ðŸ“Œ æ¸¬è©¦ API : 203
INFO:root:å„²å­˜ [L_login_code]:5497
INFO:root:é€å‡ºæŒ‡ä»¤: {"action": "GET_DATA", "tag": "L_login_code"}
INFO:root:ç²å– [L_login_code] => 5497
INFO:root:ðŸ“Œ æ¸¬è©¦ API : 204
INFO:root:å„²å­˜ [L_TOKEN]:6e543344ef2e9718a64abbdf659bc042e1f872ffcb317ea5b9bc8b093a669d01|2|staging
INFO:root:é€å‡ºæŒ‡ä»¤: {"action": "GET_DATA", "tag": "E_TOKEN"}
INFO:root:ç²å– [E_TOKEN] => 1cf3590919ce159f6c6bbc56811377e3918203b6c991066ad649adaa9be8c14c|1|staging
INFO:root:ðŸ“Œ æ¸¬è©¦ API : 115-2
INFO:root:ðŸ“Œ æ¸¬è©¦ API : 103
INFO:root:å„²å­˜ [E_login_code]:4653
INFO:root:é€å‡ºæŒ‡ä»¤: {"action": "GET_DATA", "tag": "E_login_code"}
INFO:root:ç²å– [E_login_code] => 4653
INFO:root:ðŸ“Œ æ¸¬è©¦ API : 104
INFO:root:å„²å­˜ [E_TOKEN]:ecf7c216325c5f3e15bfe26359d3c20c8e59bee346d1fec0c4b6bae8e91ebbbe|1|staging
INFO:root:ðŸ“Œ æ¸¬è©¦ API : 203
INFO:root:å„²å­˜ [L_login_code]:6944
INFO:root:é€å‡ºæŒ‡ä»¤: {"action": "GET_DATA", "tag": "L_login_code"}
INFO:root:ç²å– [L_login_code] => 6944
INFO:root:ðŸ“Œ æ¸¬è©¦ API : 204
INFO:root:å„²å­˜ [L_TOKEN]:b8801b8d34f9b28201bc5f7c2c9e991ebbd4a320276fa591d22c4f3e23770a11|2|staging
INFO:root:é€å‡ºæŒ‡ä»¤: {"action": "GET_DATA", "tag": "E_TOKEN"}
INFO:root:ç²å– [E_TOKEN] => ecf7c216325c5f3e15bfe26359d3c20c8e59bee346d1fec0c4b6bae8e91ebbbe|1|staging
INFO:root:ðŸ“Œ æ¸¬è©¦ API : 115-2
INFO:root:å„²å­˜ [JOB_start_code]:5391
INFO:root:å„²å­˜ [JOB_end_code]:1947
INFO:root:å„²å­˜ [L_labor_id]:988
INFO:root:é€å‡ºæŒ‡ä»¤: {"action": "GET_DATA", "tag": "E_TOKEN"}
INFO:root:ç²å– [E_TOKEN] => ecf7c216325c5f3e15bfe26359d3c20c8e59bee346d1fec0c4b6bae8e91ebbbe|1|staging
INFO:root:é€å‡ºæŒ‡ä»¤: {"action": "GET_DATA", "tag": "JOB_SN"}
INFO:root:ç²å– [JOB_SN] => 17446119930001
INFO:root:é€å‡ºæŒ‡ä»¤: {"action": "GET_DATA", "tag": "L_labor_id"}
INFO:root:ç²å– [L_labor_id] => 988
INFO:root:ðŸ“Œ æ¸¬è©¦ API : 122
INFO:root:é€å‡ºæŒ‡ä»¤: {"action": "GET_DATA", "tag": "L_TOKEN"}
INFO:root:ç²å– [L_TOKEN] => b8801b8d34f9b28201bc5f7c2c9e991ebbd4a320276fa591d22c4f3e23770a11|2|staging
INFO:root:é€å‡ºæŒ‡ä»¤: {"action": "GET_DATA", "tag": "JOB_SN"}
INFO:root:ç²å– [JOB_SN] => 17446119930001
INFO:root:é€å‡ºæŒ‡ä»¤: {"action": "GET_DATA", "tag": "JOB_start_code"}
INFO:root:ç²å– [JOB_start_code] => 5391
INFO:root:ðŸ“Œ æ¸¬è©¦ API : 213
INFO:root:ðŸ“Œ æ¸¬è©¦ API : 103
INFO:root:å„²å­˜ [E_login_code]:8707
INFO:root:é€å‡ºæŒ‡ä»¤: {"action": "GET_DATA", "tag": "E_login_code"}
INFO:root:ç²å– [E_login_code] => 8707
INFO:root:ðŸ“Œ æ¸¬è©¦ API : 104
INFO:root:å„²å­˜ [E_TOKEN]:364c252975c89bca3a6683e9bcd949580c3d312dbcd500e4c2d1f2de09304089|1|staging
INFO:root:ðŸ“Œ æ¸¬è©¦ API : 203
INFO:root:å„²å­˜ [L_login_code]:0751
INFO:root:é€å‡ºæŒ‡ä»¤: {"action": "GET_DATA", "tag": "L_login_code"}
INFO:root:ç²å– [L_login_code] => 0751
INFO:root:ðŸ“Œ æ¸¬è©¦ API : 204
INFO:root:å„²å­˜ [L_TOKEN]:8d92b44f3114a4a49587cf196652cc05ff835fbfabd6209363be57bf9f936892|2|staging
INFO:root:é€å‡ºæŒ‡ä»¤: {"action": "GET_DATA", "tag": "E_TOKEN"}
INFO:root:ç²å– [E_TOKEN] => 364c252975c89bca3a6683e9bcd949580c3d312dbcd500e4c2d1f2de09304089|1|staging
INFO:root:ðŸ“Œ æ¸¬è©¦ API : 115-2
INFO:root:å„²å­˜ [JOB_start_code]:5391
INFO:root:å„²å­˜ [JOB_end_code]:1947
INFO:root:å„²å­˜ [L_labor_id]:988
INFO:root:ðŸ“Œ æ¸¬è©¦ API : 103
INFO:root:å„²å­˜ [E_login_code]:8982
INFO:root:é€å‡ºæŒ‡ä»¤: {"action": "GET_DATA", "tag": "E_login_code"}
INFO:root:ç²å– [E_login_code] => 8982
INFO:root:ðŸ“Œ æ¸¬è©¦ API : 104
INFO:root:å„²å­˜ [E_TOKEN]:946ad7d0b740dc9bf737c5b01cabdb405e29c257c669d178ea842f2566573fbf|1|staging
INFO:root:ðŸ“Œ æ¸¬è©¦ API : 203
INFO:root:å„²å­˜ [L_login_code]:9085
INFO:root:é€å‡ºæŒ‡ä»¤: {"action": "GET_DATA", "tag": "L_login_code"}
INFO:root:ç²å– [L_login_code] => 9085
INFO:root:ðŸ“Œ æ¸¬è©¦ API : 204
INFO:root:å„²å­˜ [L_TOKEN]:3f461ebbec49e146b032c66f780eb94d3ad2172901a29c193532da85276b268a|2|staging
INFO:root:é€å‡ºæŒ‡ä»¤: {"action": "GET_DATA", "tag": "E_TOKEN"}
INFO:root:ç²å– [E_TOKEN] => 946ad7d0b740dc9bf737c5b01cabdb405e29c257c669d178ea842f2566573fbf|1|staging
INFO:root:ðŸ“Œ æ¸¬è©¦ API : 115-2
INFO:root:å„²å­˜ [JOB_start_code]:5391
INFO:root:å„²å­˜ [JOB_end_code]:1947
INFO:root:å„²å­˜ [L_labor_id]:988
INFO:root:é€å‡ºæŒ‡ä»¤: {"action": "GET_DATA", "tag": "E_TOKEN"}
INFO:root:ç²å– [E_TOKEN] => 946ad7d0b740dc9bf737c5b01cabdb405e29c257c669d178ea842f2566573fbf|1|staging
INFO:root:é€å‡ºæŒ‡ä»¤: {"action": "GET_DATA", "tag": "L_labor_id"}
INFO:root:ç²å– [L_labor_id] => 988
INFO:root:ðŸ“Œ æ¸¬è©¦ API : 122
INFO:root:é€å‡ºæŒ‡ä»¤: {"action": "GET_DATA", "tag": "L_TOKEN"}
INFO:root:ç²å– [L_TOKEN] => 3f461ebbec49e146b032c66f780eb94d3ad2172901a29c193532da85276b268a|2|staging
INFO:root:é€å‡ºæŒ‡ä»¤: {"action": "GET_DATA", "tag": "JOB_start_code"}
INFO:root:ç²å– [JOB_start_code] => 5391
INFO:root:ðŸ“Œ æ¸¬è©¦ API : 213
